<?xml version="1.0" encoding="UTF-8"?>
<!-- Generated by org.testng.reporters.JUnitReportReporter -->
<testsuite hostname="WIN-RNSFEOB64JB" name="com.example.tests.GroupRemovalTests" tests="1" failures="0" timestamp="27 Jun 2015 19:43:17 GMT" time="1.346" errors="0">
  <testcase name="deleteSomeGroup" time="1.346" classname="com.example.tests.GroupRemovalTests"/>
</testsuite> <!-- com.example.tests.GroupRemovalTests -->
