<?xml version="1.0" encoding="UTF-8"?>
<!-- Generated by org.testng.reporters.JUnitReportReporter -->
<testsuite hostname="WIN-RNSFEOB64JB" name="com.example.tests.PersonCreationTests" tests="2" failures="0" timestamp="25 Jun 2015 04:19:17 GMT" time="7.228" errors="0">
  <testcase name="testEmptyPersonCreation" time="3.275" classname="com.example.tests.PersonCreationTests"/>
  <testcase name="testNonEmptyPersonCreation" time="3.953" classname="com.example.tests.PersonCreationTests"/>
</testsuite> <!-- com.example.tests.PersonCreationTests -->
