<?xml version="1.0" encoding="UTF-8"?>
<!-- Generated by org.testng.reporters.JUnitReportReporter -->
<testsuite hostname="WIN-RNSFEOB64JB" name="com.example.tests.ContactCreationTests" tests="2" failures="0" timestamp="28 Jun 2015 17:58:18 GMT" time="5.117" errors="0">
  <testcase name="testNonEmptyContactCreation" time="3.617" classname="com.example.tests.ContactCreationTests"/>
  <testcase name="testEmptyContactCreation" time="1.500" classname="com.example.tests.ContactCreationTests"/>
</testsuite> <!-- com.example.tests.ContactCreationTests -->
