<?xml version="1.0" encoding="UTF-8"?>
<!-- Generated by org.testng.reporters.JUnitReportReporter -->
<testsuite hostname="wsa-190" name="com.example.tests.PersonCreationTests" tests="2" failures="0" timestamp="25 Jun 2015 10:37:27 GMT" time="5.773" errors="0">
  <testcase name="testEmptyPersonCreation" time="2.386" classname="com.example.tests.PersonCreationTests"/>
  <testcase name="testNonEmptyPersonCreation" time="3.387" classname="com.example.tests.PersonCreationTests"/>
</testsuite> <!-- com.example.tests.PersonCreationTests -->
