<?xml version="1.0" encoding="UTF-8"?>
<!-- Generated by org.testng.reporters.JUnitReportReporter -->
<testsuite hostname="wsa-190" name="com.example.tests.GroupCreationTests" tests="2" failures="0" timestamp="23 Jun 2015 17:55:39 GMT" time="3.680" errors="0">
  <testcase name="testEmptyGroupCreation" time="1.641" classname="com.example.tests.GroupCreationTests"/>
  <testcase name="testNonEmptyGroupCreation" time="2.039" classname="com.example.tests.GroupCreationTests"/>
</testsuite> <!-- com.example.tests.GroupCreationTests -->
