<?xml version="1.0" encoding="UTF-8"?>
<!-- Generated by org.testng.reporters.JUnitReportReporter -->
<testsuite hostname="WIN-RNSFEOB64JB" name="com.example.tests.GroupCreationTests" tests="2" failures="0" timestamp="23 Jun 2015 20:27:07 GMT" time="3.906" errors="0">
  <testcase name="testEmptyGroupCreation" time="2.203" classname="com.example.tests.GroupCreationTests"/>
  <testcase name="testNonEmptyGroupCreation" time="1.703" classname="com.example.tests.GroupCreationTests"/>
</testsuite> <!-- com.example.tests.GroupCreationTests -->
