<?xml version="1.0" encoding="UTF-8"?>
<!-- Generated by org.testng.reporters.JUnitReportReporter -->
<testsuite hostname="wsa-190" name="com.example.tests.ContactCreationTests" tests="2" failures="0" timestamp="26 Jun 2015 15:50:54 GMT" time="5.459" errors="0">
  <testcase name="testEmptyContactCreation" time="2.228" classname="com.example.tests.ContactCreationTests"/>
  <testcase name="testNonEmptyContactCreation" time="3.231" classname="com.example.tests.ContactCreationTests"/>
</testsuite> <!-- com.example.tests.ContactCreationTests -->
