<?xml version="1.0" encoding="UTF-8"?>
<!-- Generated by org.testng.reporters.JUnitReportReporter -->
<testsuite hostname="wsa-190" name="com.example.tests.GroupCreationTests" tests="2" failures="0" timestamp="26 Jun 2015 15:51:15 GMT" time="3.502" errors="0">
  <testcase name="testNonEmptyGroupCreation" time="1.934" classname="com.example.tests.GroupCreationTests"/>
  <testcase name="testEmptyGroupCreation" time="1.568" classname="com.example.tests.GroupCreationTests"/>
</testsuite> <!-- com.example.tests.GroupCreationTests -->
