<?xml version="1.0" encoding="UTF-8"?>
<!-- Generated by org.testng.reporters.JUnitReportReporter -->
<testsuite hostname="wsa-190" name="com.example.tests.AlsoOfGroupCreationTests" tests="2" failures="0" timestamp="23 Jun 2015 17:55:39 GMT" time="2.873" errors="0">
  <testcase name="testEmptyGroupCreation" time="1.315" classname="com.example.tests.AlsoOfGroupCreationTests"/>
  <testcase name="testNonEmptyGroupCreation" time="1.558" classname="com.example.tests.AlsoOfGroupCreationTests"/>
</testsuite> <!-- com.example.tests.AlsoOfGroupCreationTests -->
