<?xml version="1.0" encoding="UTF-8"?>
<!-- Generated by org.testng.reporters.JUnitReportReporter -->
<testsuite hostname="WIN-RNSFEOB64JB" name="com.example.tests.GroupRemovalTests" tests="1" failures="0" timestamp="24 Jul 2015 19:15:28 GMT" time="1.381" errors="0">
  <testcase name="deleteSomeGroup" time="1.381" classname="com.example.tests.GroupRemovalTests"/>
</testsuite> <!-- com.example.tests.GroupRemovalTests -->
